0 info it worked if it ends with ok
1 verbose cli [ '/home/hudao/.nvm/versions/node/v6.0.0/bin/node',
1 verbose cli   '/home/hudao/.nvm/versions/node/v6.0.0/bin/npm',
1 verbose cli   'run',
1 verbose cli   'deploy' ]
2 info using npm@3.8.6
3 info using node@v6.0.0
4 verbose run-script [ 'predeploy', 'deploy', 'postdeploy' ]
5 info lifecycle warranty@0.0.0~predeploy: warranty@0.0.0
6 silly lifecycle warranty@0.0.0~predeploy: no script for predeploy, continuing
7 info lifecycle warranty@0.0.0~deploy: warranty@0.0.0
8 verbose lifecycle warranty@0.0.0~deploy: unsafe-perm in lifecycle true
9 verbose lifecycle warranty@0.0.0~deploy: PATH: /home/hudao/.nvm/versions/node/v6.0.0/lib/node_modules/npm/bin/node-gyp-bin:/home/hudao/work/warranty/node_modules/.bin:/home/hudao/.nvm/versions/node/v6.0.0/bin:/home/hudao/.nvm/versions/node/v6.0.0/bin:/home/hudao/.rbenv/shims:/home/hudao/.rbenv/bin:/opt/gitlab-7.1.1-0/mysql/bin:/home/hudao/.rbenv/shims:/home/hudao/.rbenv/bin:/usr/sbin:/usr/bin:/sbin:/bin:/usr/games:/usr/local/games
10 verbose lifecycle warranty@0.0.0~deploy: CWD: /home/hudao/work/warranty
11 silly lifecycle warranty@0.0.0~deploy: Args: [ '-c', 'sjs deploy .' ]
12 silly lifecycle warranty@0.0.0~deploy: Returned: code: 1  signal: null
13 info lifecycle warranty@0.0.0~deploy: Failed to exec deploy script
14 verbose stack Error: warranty@0.0.0 deploy: `sjs deploy .`
14 verbose stack Exit status 1
14 verbose stack     at EventEmitter.<anonymous> (/home/hudao/.nvm/versions/node/v6.0.0/lib/node_modules/npm/lib/utils/lifecycle.js:239:16)
14 verbose stack     at emitTwo (events.js:106:13)
14 verbose stack     at EventEmitter.emit (events.js:191:7)
14 verbose stack     at ChildProcess.<anonymous> (/home/hudao/.nvm/versions/node/v6.0.0/lib/node_modules/npm/lib/utils/spawn.js:24:14)
14 verbose stack     at emitTwo (events.js:106:13)
14 verbose stack     at ChildProcess.emit (events.js:191:7)
14 verbose stack     at maybeClose (internal/child_process.js:850:16)
14 verbose stack     at Process.ChildProcess._handle.onexit (internal/child_process.js:215:5)
15 verbose pkgid warranty@0.0.0
16 verbose cwd /home/hudao/work/warranty
17 error Linux 3.13.0-67-generic
18 error argv "/home/hudao/.nvm/versions/node/v6.0.0/bin/node" "/home/hudao/.nvm/versions/node/v6.0.0/bin/npm" "run" "deploy"
19 error node v6.0.0
20 error npm  v3.8.6
21 error code ELIFECYCLE
22 error warranty@0.0.0 deploy: `sjs deploy .`
22 error Exit status 1
23 error Failed at the warranty@0.0.0 deploy script 'sjs deploy .'.
23 error Make sure you have the latest version of node.js and npm installed.
23 error If you do, this is most likely a problem with the warranty package,
23 error not with npm itself.
23 error Tell the author that this fails on your system:
23 error     sjs deploy .
23 error You can get information on how to open an issue for this project with:
23 error     npm bugs warranty
23 error Or if that isn't available, you can get their info via:
23 error     npm owner ls warranty
23 error There is likely additional logging output above.
24 verbose exit [ 1, true ]
