0 info it worked if it ends with ok
1 verbose cli [ '/home/hudao/.nvm/versions/node/v6.0.0/bin/node',
1 verbose cli   '/home/hudao/.nvm/versions/node/v6.0.0/bin/npm',
1 verbose cli   'run',
1 verbose cli   'deploy' ]
2 info using npm@3.8.6
3 info using node@v6.0.0
4 verbose stack Error: missing script: deploy
4 verbose stack     at run (/home/hudao/.nvm/versions/node/v6.0.0/lib/node_modules/npm/lib/run-script.js:147:19)
4 verbose stack     at /home/hudao/.nvm/versions/node/v6.0.0/lib/node_modules/npm/lib/run-script.js:57:5
4 verbose stack     at /home/hudao/.nvm/versions/node/v6.0.0/lib/node_modules/npm/node_modules/read-package-json/read-json.js:345:5
4 verbose stack     at checkBinReferences_ (/home/hudao/.nvm/versions/node/v6.0.0/lib/node_modules/npm/node_modules/read-package-json/read-json.js:309:45)
4 verbose stack     at final (/home/hudao/.nvm/versions/node/v6.0.0/lib/node_modules/npm/node_modules/read-package-json/read-json.js:343:3)
4 verbose stack     at then (/home/hudao/.nvm/versions/node/v6.0.0/lib/node_modules/npm/node_modules/read-package-json/read-json.js:113:5)
4 verbose stack     at ReadFileContext.<anonymous> (/home/hudao/.nvm/versions/node/v6.0.0/lib/node_modules/npm/node_modules/read-package-json/read-json.js:284:20)
4 verbose stack     at ReadFileContext.callback (/home/hudao/.nvm/versions/node/v6.0.0/lib/node_modules/npm/node_modules/graceful-fs/graceful-fs.js:78:16)
4 verbose stack     at FSReqWrap.readFileAfterOpen [as oncomplete] (fs.js:359:13)
5 verbose cwd /home/hudao/work/warranty/build
6 error Linux 3.13.0-67-generic
7 error argv "/home/hudao/.nvm/versions/node/v6.0.0/bin/node" "/home/hudao/.nvm/versions/node/v6.0.0/bin/npm" "run" "deploy"
8 error node v6.0.0
9 error npm  v3.8.6
10 error missing script: deploy
11 error If you need help, you may report this error at:
11 error     <https://github.com/npm/npm/issues>
12 verbose exit [ 1, true ]
